Feb 3, 2012 5:09:06 PM org.apache.solr.core.SolrResourceLoader locateSolrHome
INFO: JNDI not configured for solr (NoInitialContextEx)
Feb 3, 2012 5:09:06 PM org.apache.solr.core.SolrResourceLoader locateSolrHome
INFO: using system property solr.solr.home: /home/stefan/rorsites/Recipes/solr
Feb 3, 2012 5:09:06 PM org.apache.solr.core.SolrResourceLoader <init>
INFO: Solr home set to '/home/stefan/rorsites/Recipes/solr/'
Feb 3, 2012 5:09:06 PM org.apache.solr.servlet.SolrDispatchFilter init
INFO: SolrDispatchFilter.init()
Feb 3, 2012 5:09:06 PM org.apache.solr.core.SolrResourceLoader locateSolrHome
INFO: JNDI not configured for solr (NoInitialContextEx)
Feb 3, 2012 5:09:06 PM org.apache.solr.core.SolrResourceLoader locateSolrHome
INFO: using system property solr.solr.home: /home/stefan/rorsites/Recipes/solr
Feb 3, 2012 5:09:06 PM org.apache.solr.core.CoreContainer$Initializer initialize
INFO: looking for solr.xml: /home/stefan/rorsites/Recipes/solr/solr.xml
Feb 3, 2012 5:09:06 PM org.apache.solr.core.SolrResourceLoader <init>
INFO: Solr home set to '/home/stefan/rorsites/Recipes/solr/'
Feb 3, 2012 5:09:06 PM org.apache.solr.core.SolrConfig initLibs
INFO: Adding specified lib dirs to ClassLoader
Feb 3, 2012 5:09:07 PM org.apache.solr.core.SolrConfig <init>
INFO: Loaded SolrConfig: solrconfig.xml
Feb 3, 2012 5:09:07 PM org.apache.solr.core.SolrCore <init>
INFO: Opening new SolrCore at /home/stefan/rorsites/Recipes/solr/, dataDir=/home/stefan/rorsites/Recipes/solr/data/development/
Feb 3, 2012 5:09:07 PM org.apache.solr.schema.IndexSchema readSchema
INFO: Reading Solr Schema
Feb 3, 2012 5:09:07 PM org.apache.solr.schema.IndexSchema readSchema
INFO: Schema name=sunspot
Feb 3, 2012 5:09:07 PM org.apache.solr.util.plugin.AbstractPluginLoader load
INFO: created string: org.apache.solr.schema.StrField
Feb 3, 2012 5:09:07 PM org.apache.solr.util.plugin.AbstractPluginLoader load
INFO: created tdouble: org.apache.solr.schema.TrieDoubleField
Feb 3, 2012 5:09:07 PM org.apache.solr.util.plugin.AbstractPluginLoader load
INFO: created rand: org.apache.solr.schema.RandomSortField
Feb 3, 2012 5:09:07 PM org.apache.solr.util.plugin.AbstractPluginLoader load
INFO: created null: org.apache.solr.analysis.StandardTokenizerFactory
Feb 3, 2012 5:09:07 PM org.apache.solr.util.plugin.AbstractPluginLoader load
INFO: created null: org.apache.solr.analysis.StandardFilterFactory
Feb 3, 2012 5:09:07 PM org.apache.solr.util.plugin.AbstractPluginLoader load
INFO: created null: org.apache.solr.analysis.LowerCaseFilterFactory
Feb 3, 2012 5:09:07 PM org.apache.solr.util.plugin.AbstractPluginLoader load
INFO: created text: org.apache.solr.schema.TextField
Feb 3, 2012 5:09:07 PM org.apache.solr.util.plugin.AbstractPluginLoader load
INFO: created boolean: org.apache.solr.schema.BoolField
Feb 3, 2012 5:09:07 PM org.apache.solr.util.plugin.AbstractPluginLoader load
INFO: created date: org.apache.solr.schema.DateField
Feb 3, 2012 5:09:07 PM org.apache.solr.util.plugin.AbstractPluginLoader load
INFO: created sdouble: org.apache.solr.schema.SortableDoubleField
Feb 3, 2012 5:09:07 PM org.apache.solr.util.plugin.AbstractPluginLoader load
INFO: created sfloat: org.apache.solr.schema.SortableFloatField
Feb 3, 2012 5:09:07 PM org.apache.solr.util.plugin.AbstractPluginLoader load
INFO: created sint: org.apache.solr.schema.SortableIntField
Feb 3, 2012 5:09:07 PM org.apache.solr.util.plugin.AbstractPluginLoader load
INFO: created slong: org.apache.solr.schema.SortableLongField
Feb 3, 2012 5:09:07 PM org.apache.solr.util.plugin.AbstractPluginLoader load
INFO: created tint: org.apache.solr.schema.TrieIntField
Feb 3, 2012 5:09:07 PM org.apache.solr.util.plugin.AbstractPluginLoader load
INFO: created tfloat: org.apache.solr.schema.TrieFloatField
Feb 3, 2012 5:09:07 PM org.apache.solr.util.plugin.AbstractPluginLoader load
INFO: created tdate: org.apache.solr.schema.TrieDateField
Feb 3, 2012 5:09:07 PM org.apache.solr.schema.IndexSchema readSchema
INFO: default search field is text
Feb 3, 2012 5:09:07 PM org.apache.solr.schema.IndexSchema readSchema
INFO: query parser default operator is AND
Feb 3, 2012 5:09:07 PM org.apache.solr.schema.IndexSchema readSchema
INFO: unique key field: id
Feb 3, 2012 5:09:07 PM org.apache.solr.core.JmxMonitoredMap <init>
INFO: No JMX servers found, not exposing Solr information with JMX.
Feb 3, 2012 5:09:07 PM org.apache.solr.core.SolrCore initListeners
INFO: Added SolrEventListener: org.apache.solr.core.QuerySenderListener{queries=[]}
Feb 3, 2012 5:09:07 PM org.apache.solr.core.SolrCore initListeners
INFO: Added SolrEventListener: org.apache.solr.core.QuerySenderListener{queries=[{q=solr rocks,start=0,rows=10}, {q=static firstSearcher warming query from solrconfig.xml}]}
Feb 3, 2012 5:09:07 PM org.apache.solr.core.SolrCore initIndex
WARNING: Solr index directory '/home/stefan/rorsites/Recipes/solr/data/development/index' doesn't exist. Creating new index...
Feb 3, 2012 5:09:07 PM org.apache.solr.core.SolrDeletionPolicy onInit
INFO: SolrDeletionPolicy.onInit: commits:num=1
	commit{dir=/home/stefan/rorsites/Recipes/solr/data/development/index,segFN=segments_1,version=1328285347360,generation=1,filenames=[segments_1]
Feb 3, 2012 5:09:07 PM org.apache.solr.core.SolrDeletionPolicy updateCommits
INFO: newest commit = 1328285347360
Feb 3, 2012 5:09:07 PM org.apache.solr.request.XSLTResponseWriter init
INFO: xsltCacheLifetimeSeconds=5
Feb 3, 2012 5:09:07 PM org.apache.solr.core.RequestHandlers initHandlersFromConfig
INFO: created standard: solr.SearchHandler
Feb 3, 2012 5:09:07 PM org.apache.solr.core.RequestHandlers initHandlersFromConfig
INFO: created dismax: solr.SearchHandler
Feb 3, 2012 5:09:07 PM org.apache.solr.core.RequestHandlers initHandlersFromConfig
INFO: created partitioned: solr.SearchHandler
Feb 3, 2012 5:09:07 PM org.apache.solr.core.RequestHandlers initHandlersFromConfig
INFO: created /spell: solr.SearchHandler
Feb 3, 2012 5:09:07 PM org.apache.solr.core.RequestHandlers initHandlersFromConfig
INFO: created tvrh: org.apache.solr.handler.component.SearchHandler
Feb 3, 2012 5:09:07 PM org.apache.solr.core.RequestHandlers initHandlersFromConfig
INFO: adding lazy requestHandler: org.apache.solr.handler.extraction.ExtractingRequestHandler
Feb 3, 2012 5:09:07 PM org.apache.solr.core.RequestHandlers initHandlersFromConfig
INFO: created /update/extract: org.apache.solr.handler.extraction.ExtractingRequestHandler
Feb 3, 2012 5:09:07 PM org.apache.solr.core.RequestHandlers initHandlersFromConfig
INFO: created /terms: org.apache.solr.handler.component.SearchHandler
Feb 3, 2012 5:09:07 PM org.apache.solr.core.RequestHandlers initHandlersFromConfig
INFO: adding lazy requestHandler: solr.SearchHandler
Feb 3, 2012 5:09:07 PM org.apache.solr.core.RequestHandlers initHandlersFromConfig
INFO: created /elevate: solr.SearchHandler
Feb 3, 2012 5:09:07 PM org.apache.solr.core.RequestHandlers initHandlersFromConfig
INFO: created /update: solr.XmlUpdateRequestHandler
Feb 3, 2012 5:09:07 PM org.apache.solr.core.RequestHandlers initHandlersFromConfig
INFO: created /update/javabin: solr.BinaryUpdateRequestHandler
Feb 3, 2012 5:09:07 PM org.apache.solr.core.RequestHandlers initHandlersFromConfig
INFO: created /analysis/document: solr.DocumentAnalysisRequestHandler
Feb 3, 2012 5:09:07 PM org.apache.solr.core.RequestHandlers initHandlersFromConfig
INFO: created /analysis/field: solr.FieldAnalysisRequestHandler
Feb 3, 2012 5:09:07 PM org.apache.solr.core.RequestHandlers initHandlersFromConfig
INFO: adding lazy requestHandler: solr.CSVRequestHandler
Feb 3, 2012 5:09:07 PM org.apache.solr.core.RequestHandlers initHandlersFromConfig
INFO: created /update/csv: solr.CSVRequestHandler
Feb 3, 2012 5:09:07 PM org.apache.solr.core.RequestHandlers initHandlersFromConfig
INFO: created /admin/: org.apache.solr.handler.admin.AdminHandlers
Feb 3, 2012 5:09:07 PM org.apache.solr.core.RequestHandlers initHandlersFromConfig
INFO: created /admin/ping: PingRequestHandler
Feb 3, 2012 5:09:07 PM org.apache.solr.core.RequestHandlers initHandlersFromConfig
INFO: created /debug/dump: solr.DumpRequestHandler
Feb 3, 2012 5:09:07 PM org.apache.solr.core.RequestHandlers initHandlersFromConfig
INFO: created /mlt: solr.MoreLikeThisHandler
Feb 3, 2012 5:09:07 PM org.apache.solr.search.SolrIndexSearcher <init>
INFO: Opening Searcher@716de067 main
Feb 3, 2012 5:09:07 PM org.apache.solr.update.DirectUpdateHandler2$CommitTracker <init>
INFO: AutoCommit: disabled
Feb 3, 2012 5:09:07 PM org.apache.solr.handler.component.SpellCheckComponent inform
INFO: Initializing spell checkers
Feb 3, 2012 5:09:07 PM org.apache.solr.spelling.AbstractLuceneSpellChecker init
INFO: Using WhitespaceAnalzyer for dictionary: default
Feb 3, 2012 5:09:07 PM org.apache.solr.handler.component.SpellCheckComponent inform
WARNING: No queryConverter defined, using default converter
Feb 3, 2012 5:09:07 PM org.apache.solr.handler.component.QueryElevationComponent inform
INFO: Loading QueryElevation from: /home/stefan/rorsites/Recipes/solr/conf/elevate.xml
Feb 3, 2012 5:09:07 PM org.apache.solr.handler.component.SearchHandler inform
INFO: Adding  component:org.apache.solr.handler.component.QueryComponent@4c2b349d
Feb 3, 2012 5:09:07 PM org.apache.solr.handler.component.SearchHandler inform
INFO: Adding  component:org.apache.solr.handler.component.FacetComponent@288b567c
Feb 3, 2012 5:09:07 PM org.apache.solr.handler.component.SearchHandler inform
INFO: Adding  component:org.apache.solr.handler.component.MoreLikeThisComponent@53dafbaf
Feb 3, 2012 5:09:07 PM org.apache.solr.handler.component.SearchHandler inform
INFO: Adding  component:org.apache.solr.handler.component.HighlightComponent@4dc1c92b
Feb 3, 2012 5:09:07 PM org.apache.solr.handler.component.SearchHandler inform
INFO: Adding  component:org.apache.solr.handler.component.StatsComponent@6d7e4dee
Feb 3, 2012 5:09:07 PM org.apache.solr.handler.component.SearchHandler inform
INFO: Adding  debug component:org.apache.solr.handler.component.DebugComponent@7f2e7c6a
Feb 3, 2012 5:09:07 PM org.apache.solr.handler.component.SearchHandler inform
INFO: Adding  component:org.apache.solr.handler.component.QueryComponent@4c2b349d
Feb 3, 2012 5:09:07 PM org.apache.solr.handler.component.SearchHandler inform
INFO: Adding  component:org.apache.solr.handler.component.FacetComponent@288b567c
Feb 3, 2012 5:09:07 PM org.apache.solr.handler.component.SearchHandler inform
INFO: Adding  component:org.apache.solr.handler.component.MoreLikeThisComponent@53dafbaf
Feb 3, 2012 5:09:07 PM org.apache.solr.handler.component.SearchHandler inform
INFO: Adding  component:org.apache.solr.handler.component.HighlightComponent@4dc1c92b
Feb 3, 2012 5:09:07 PM org.apache.solr.handler.component.SearchHandler inform
INFO: Adding  component:org.apache.solr.handler.component.StatsComponent@6d7e4dee
Feb 3, 2012 5:09:07 PM org.apache.solr.handler.component.SearchHandler inform
INFO: Adding  debug component:org.apache.solr.handler.component.DebugComponent@7f2e7c6a
Feb 3, 2012 5:09:07 PM org.apache.solr.handler.component.SearchHandler inform
INFO: Adding  component:org.apache.solr.handler.component.QueryComponent@4c2b349d
Feb 3, 2012 5:09:07 PM org.apache.solr.handler.component.SearchHandler inform
INFO: Adding  component:org.apache.solr.handler.component.FacetComponent@288b567c
Feb 3, 2012 5:09:07 PM org.apache.solr.handler.component.SearchHandler inform
INFO: Adding  component:org.apache.solr.handler.component.MoreLikeThisComponent@53dafbaf
Feb 3, 2012 5:09:07 PM org.apache.solr.handler.component.SearchHandler inform
INFO: Adding  component:org.apache.solr.handler.component.HighlightComponent@4dc1c92b
Feb 3, 2012 5:09:07 PM org.apache.solr.handler.component.SearchHandler inform
INFO: Adding  component:org.apache.solr.handler.component.StatsComponent@6d7e4dee
Feb 3, 2012 5:09:07 PM org.apache.solr.handler.component.SearchHandler inform
INFO: Adding  debug component:org.apache.solr.handler.component.DebugComponent@7f2e7c6a
Feb 3, 2012 5:09:07 PM org.apache.solr.handler.component.SearchHandler inform
INFO: Adding  component:org.apache.solr.handler.component.QueryComponent@4c2b349d
Feb 3, 2012 5:09:07 PM org.apache.solr.handler.component.SearchHandler inform
INFO: Adding  component:org.apache.solr.handler.component.FacetComponent@288b567c
Feb 3, 2012 5:09:07 PM org.apache.solr.handler.component.SearchHandler inform
INFO: Adding  component:org.apache.solr.handler.component.MoreLikeThisComponent@53dafbaf
Feb 3, 2012 5:09:07 PM org.apache.solr.handler.component.SearchHandler inform
INFO: Adding  component:org.apache.solr.handler.component.HighlightComponent@4dc1c92b
Feb 3, 2012 5:09:07 PM org.apache.solr.handler.component.SearchHandler inform
INFO: Adding  component:org.apache.solr.handler.component.StatsComponent@6d7e4dee
Feb 3, 2012 5:09:07 PM org.apache.solr.handler.component.SearchHandler inform
INFO: Adding  component:org.apache.solr.handler.component.SpellCheckComponent@44ea5461
Feb 3, 2012 5:09:07 PM org.apache.solr.handler.component.SearchHandler inform
INFO: Adding  debug component:org.apache.solr.handler.component.DebugComponent@7f2e7c6a
Feb 3, 2012 5:09:07 PM org.apache.solr.handler.component.SearchHandler inform
INFO: Adding  component:org.apache.solr.handler.component.QueryComponent@4c2b349d
Feb 3, 2012 5:09:07 PM org.apache.solr.handler.component.SearchHandler inform
INFO: Adding  component:org.apache.solr.handler.component.FacetComponent@288b567c
Feb 3, 2012 5:09:07 PM org.apache.solr.handler.component.SearchHandler inform
INFO: Adding  component:org.apache.solr.handler.component.MoreLikeThisComponent@53dafbaf
Feb 3, 2012 5:09:07 PM org.apache.solr.handler.component.SearchHandler inform
INFO: Adding  component:org.apache.solr.handler.component.HighlightComponent@4dc1c92b
Feb 3, 2012 5:09:07 PM org.apache.solr.handler.component.SearchHandler inform
INFO: Adding  component:org.apache.solr.handler.component.StatsComponent@6d7e4dee
Feb 3, 2012 5:09:07 PM org.apache.solr.handler.component.SearchHandler inform
INFO: Adding  component:org.apache.solr.handler.component.TermVectorComponent@7449cf9f
Feb 3, 2012 5:09:07 PM org.apache.solr.handler.component.SearchHandler inform
INFO: Adding  debug component:org.apache.solr.handler.component.DebugComponent@7f2e7c6a
Feb 3, 2012 5:09:07 PM org.apache.solr.handler.component.SearchHandler inform
INFO: Adding  component:org.apache.solr.handler.component.TermsComponent@19de0b5e
Feb 3, 2012 5:09:07 PM org.apache.solr.core.QuerySenderListener newSearcher
INFO: QuerySenderListener sending requests to Searcher@716de067 main
Feb 3, 2012 5:09:07 PM org.apache.solr.core.CoreContainer register
INFO: registering core: 
Feb 3, 2012 5:09:07 PM org.apache.solr.servlet.SolrDispatchFilter init
INFO: user.dir=/home/stefan/.rvm/gems/ruby-1.9.3-p0/gems/sunspot_solr-1.3.0/solr
Feb 3, 2012 5:09:07 PM org.apache.solr.servlet.SolrDispatchFilter init
INFO: SolrDispatchFilter.init() done
Feb 3, 2012 5:09:07 PM org.apache.solr.core.SolrCore execute
INFO: [] webapp=null path=null params={start=0&event=firstSearcher&q=solr+rocks&rows=10} hits=0 status=0 QTime=28 
Feb 3, 2012 5:09:07 PM org.apache.solr.core.SolrCore execute
INFO: [] webapp=null path=null params={event=firstSearcher&q=static+firstSearcher+warming+query+from+solrconfig.xml} hits=0 status=0 QTime=0 
Feb 3, 2012 5:09:07 PM org.apache.solr.core.QuerySenderListener newSearcher
INFO: QuerySenderListener done.
Feb 3, 2012 5:09:07 PM org.apache.solr.handler.component.SpellCheckComponent$SpellCheckerListener newSearcher
INFO: Loading spell index for spellchecker: default
Feb 3, 2012 5:09:07 PM org.apache.solr.servlet.SolrServlet init
INFO: SolrServlet.init()
Feb 3, 2012 5:09:07 PM org.apache.solr.core.SolrResourceLoader locateSolrHome
INFO: JNDI not configured for solr (NoInitialContextEx)
Feb 3, 2012 5:09:07 PM org.apache.solr.core.SolrResourceLoader locateSolrHome
INFO: using system property solr.solr.home: /home/stefan/rorsites/Recipes/solr
Feb 3, 2012 5:09:07 PM org.apache.solr.core.SolrCore registerSearcher
INFO: [] Registered new searcher Searcher@716de067 main
Feb 3, 2012 5:09:07 PM org.apache.solr.servlet.SolrServlet init
INFO: SolrServlet.init() done
Feb 3, 2012 5:09:07 PM org.apache.solr.core.SolrResourceLoader locateSolrHome
INFO: JNDI not configured for solr (NoInitialContextEx)
Feb 3, 2012 5:09:07 PM org.apache.solr.core.SolrResourceLoader locateSolrHome
INFO: using system property solr.solr.home: /home/stefan/rorsites/Recipes/solr
Feb 3, 2012 5:09:07 PM org.apache.solr.servlet.SolrUpdateServlet init
INFO: SolrUpdateServlet.init() done
Feb 3, 2012 5:09:32 PM org.apache.solr.core.SolrDeletionPolicy onInit
INFO: SolrDeletionPolicy.onInit: commits:num=1
	commit{dir=/home/stefan/rorsites/Recipes/solr/data/development/index,segFN=segments_1,version=1328285347360,generation=1,filenames=[segments_1]
Feb 3, 2012 5:09:32 PM org.apache.solr.core.SolrDeletionPolicy updateCommits
INFO: newest commit = 1328285347360
Feb 3, 2012 5:09:32 PM org.apache.solr.update.processor.LogUpdateProcessor finish
INFO: {deleteByQuery=type:Recipe} 0 36
Feb 3, 2012 5:09:32 PM org.apache.solr.core.SolrCore execute
INFO: [] webapp=/solr path=/update params={wt=ruby} status=0 QTime=36 
Feb 3, 2012 5:09:32 PM org.apache.solr.update.DirectUpdateHandler2 commit
INFO: start commit(optimize=false,waitFlush=false,waitSearcher=true,expungeDeletes=false)
Feb 3, 2012 5:09:32 PM org.apache.solr.search.SolrIndexSearcher <init>
INFO: Opening Searcher@3b5b123b main
Feb 3, 2012 5:09:32 PM org.apache.solr.update.DirectUpdateHandler2 commit
INFO: end_commit_flush
Feb 3, 2012 5:09:32 PM org.apache.solr.search.SolrIndexSearcher warm
INFO: autowarming Searcher@3b5b123b main from Searcher@716de067 main
	fieldValueCache{lookups=0,hits=0,hitratio=0.00,inserts=0,evictions=0,size=0,warmupTime=0,cumulative_lookups=0,cumulative_hits=0,cumulative_hitratio=0.00,cumulative_inserts=0,cumulative_evictions=0}
Feb 3, 2012 5:09:32 PM org.apache.solr.search.SolrIndexSearcher warm
INFO: autowarming result for Searcher@3b5b123b main
	fieldValueCache{lookups=0,hits=0,hitratio=0.00,inserts=0,evictions=0,size=0,warmupTime=0,cumulative_lookups=0,cumulative_hits=0,cumulative_hitratio=0.00,cumulative_inserts=0,cumulative_evictions=0}
Feb 3, 2012 5:09:32 PM org.apache.solr.search.SolrIndexSearcher warm
INFO: autowarming Searcher@3b5b123b main from Searcher@716de067 main
	filterCache{lookups=0,hits=0,hitratio=0.00,inserts=0,evictions=0,size=0,warmupTime=0,cumulative_lookups=0,cumulative_hits=0,cumulative_hitratio=0.00,cumulative_inserts=0,cumulative_evictions=0}
Feb 3, 2012 5:09:32 PM org.apache.solr.search.SolrIndexSearcher warm
INFO: autowarming result for Searcher@3b5b123b main
	filterCache{lookups=0,hits=0,hitratio=0.00,inserts=0,evictions=0,size=0,warmupTime=0,cumulative_lookups=0,cumulative_hits=0,cumulative_hitratio=0.00,cumulative_inserts=0,cumulative_evictions=0}
Feb 3, 2012 5:09:32 PM org.apache.solr.search.SolrIndexSearcher warm
INFO: autowarming Searcher@3b5b123b main from Searcher@716de067 main
	queryResultCache{lookups=0,hits=0,hitratio=0.00,inserts=2,evictions=0,size=2,warmupTime=0,cumulative_lookups=0,cumulative_hits=0,cumulative_hitratio=0.00,cumulative_inserts=0,cumulative_evictions=0}
Feb 3, 2012 5:09:32 PM org.apache.solr.search.SolrIndexSearcher warm
INFO: autowarming result for Searcher@3b5b123b main
	queryResultCache{lookups=0,hits=0,hitratio=0.00,inserts=0,evictions=0,size=0,warmupTime=0,cumulative_lookups=0,cumulative_hits=0,cumulative_hitratio=0.00,cumulative_inserts=0,cumulative_evictions=0}
Feb 3, 2012 5:09:32 PM org.apache.solr.search.SolrIndexSearcher warm
INFO: autowarming Searcher@3b5b123b main from Searcher@716de067 main
	documentCache{lookups=0,hits=0,hitratio=0.00,inserts=0,evictions=0,size=0,warmupTime=0,cumulative_lookups=0,cumulative_hits=0,cumulative_hitratio=0.00,cumulative_inserts=0,cumulative_evictions=0}
Feb 3, 2012 5:09:32 PM org.apache.solr.search.SolrIndexSearcher warm
INFO: autowarming result for Searcher@3b5b123b main
	documentCache{lookups=0,hits=0,hitratio=0.00,inserts=0,evictions=0,size=0,warmupTime=0,cumulative_lookups=0,cumulative_hits=0,cumulative_hitratio=0.00,cumulative_inserts=0,cumulative_evictions=0}
Feb 3, 2012 5:09:32 PM org.apache.solr.core.QuerySenderListener newSearcher
INFO: QuerySenderListener sending requests to Searcher@3b5b123b main
Feb 3, 2012 5:09:32 PM org.apache.solr.core.QuerySenderListener newSearcher
INFO: QuerySenderListener done.
Feb 3, 2012 5:09:32 PM org.apache.solr.core.SolrCore registerSearcher
INFO: [] Registered new searcher Searcher@3b5b123b main
Feb 3, 2012 5:09:32 PM org.apache.solr.search.SolrIndexSearcher close
INFO: Closing Searcher@716de067 main
	fieldValueCache{lookups=0,hits=0,hitratio=0.00,inserts=0,evictions=0,size=0,warmupTime=0,cumulative_lookups=0,cumulative_hits=0,cumulative_hitratio=0.00,cumulative_inserts=0,cumulative_evictions=0}
	filterCache{lookups=0,hits=0,hitratio=0.00,inserts=0,evictions=0,size=0,warmupTime=0,cumulative_lookups=0,cumulative_hits=0,cumulative_hitratio=0.00,cumulative_inserts=0,cumulative_evictions=0}
	queryResultCache{lookups=0,hits=0,hitratio=0.00,inserts=2,evictions=0,size=2,warmupTime=0,cumulative_lookups=0,cumulative_hits=0,cumulative_hitratio=0.00,cumulative_inserts=0,cumulative_evictions=0}
	documentCache{lookups=0,hits=0,hitratio=0.00,inserts=0,evictions=0,size=0,warmupTime=0,cumulative_lookups=0,cumulative_hits=0,cumulative_hitratio=0.00,cumulative_inserts=0,cumulative_evictions=0}
Feb 3, 2012 5:09:32 PM org.apache.solr.update.processor.LogUpdateProcessor finish
INFO: {commit=} 0 13
Feb 3, 2012 5:09:32 PM org.apache.solr.core.SolrCore execute
INFO: [] webapp=/solr path=/update params={wt=ruby} status=0 QTime=13 
Feb 3, 2012 5:09:32 PM org.apache.solr.core.SolrDeletionPolicy onInit
INFO: SolrDeletionPolicy.onInit: commits:num=1
	commit{dir=/home/stefan/rorsites/Recipes/solr/data/development/index,segFN=segments_1,version=1328285347360,generation=1,filenames=[segments_1]
Feb 3, 2012 5:09:32 PM org.apache.solr.core.SolrDeletionPolicy updateCommits
INFO: newest commit = 1328285347360
Feb 3, 2012 5:09:32 PM org.apache.solr.update.processor.LogUpdateProcessor finish
INFO: {deleteByQuery=type:User} 0 2
Feb 3, 2012 5:09:32 PM org.apache.solr.core.SolrCore execute
INFO: [] webapp=/solr path=/update params={wt=ruby} status=0 QTime=2 
Feb 3, 2012 5:09:32 PM org.apache.solr.update.DirectUpdateHandler2 commit
INFO: start commit(optimize=false,waitFlush=false,waitSearcher=true,expungeDeletes=false)
Feb 3, 2012 5:09:32 PM org.apache.solr.search.SolrIndexSearcher <init>
INFO: Opening Searcher@7857ae58 main
Feb 3, 2012 5:09:32 PM org.apache.solr.update.DirectUpdateHandler2 commit
INFO: end_commit_flush
Feb 3, 2012 5:09:32 PM org.apache.solr.search.SolrIndexSearcher warm
INFO: autowarming Searcher@7857ae58 main from Searcher@3b5b123b main
	fieldValueCache{lookups=0,hits=0,hitratio=0.00,inserts=0,evictions=0,size=0,warmupTime=0,cumulative_lookups=0,cumulative_hits=0,cumulative_hitratio=0.00,cumulative_inserts=0,cumulative_evictions=0}
Feb 3, 2012 5:09:32 PM org.apache.solr.search.SolrIndexSearcher warm
INFO: autowarming result for Searcher@7857ae58 main
	fieldValueCache{lookups=0,hits=0,hitratio=0.00,inserts=0,evictions=0,size=0,warmupTime=0,cumulative_lookups=0,cumulative_hits=0,cumulative_hitratio=0.00,cumulative_inserts=0,cumulative_evictions=0}
Feb 3, 2012 5:09:32 PM org.apache.solr.search.SolrIndexSearcher warm
INFO: autowarming Searcher@7857ae58 main from Searcher@3b5b123b main
	filterCache{lookups=0,hits=0,hitratio=0.00,inserts=0,evictions=0,size=0,warmupTime=0,cumulative_lookups=0,cumulative_hits=0,cumulative_hitratio=0.00,cumulative_inserts=0,cumulative_evictions=0}
Feb 3, 2012 5:09:32 PM org.apache.solr.search.SolrIndexSearcher warm
INFO: autowarming result for Searcher@7857ae58 main
	filterCache{lookups=0,hits=0,hitratio=0.00,inserts=0,evictions=0,size=0,warmupTime=0,cumulative_lookups=0,cumulative_hits=0,cumulative_hitratio=0.00,cumulative_inserts=0,cumulative_evictions=0}
Feb 3, 2012 5:09:32 PM org.apache.solr.search.SolrIndexSearcher warm
INFO: autowarming Searcher@7857ae58 main from Searcher@3b5b123b main
	queryResultCache{lookups=0,hits=0,hitratio=0.00,inserts=0,evictions=0,size=0,warmupTime=0,cumulative_lookups=0,cumulative_hits=0,cumulative_hitratio=0.00,cumulative_inserts=0,cumulative_evictions=0}
Feb 3, 2012 5:09:32 PM org.apache.solr.search.SolrIndexSearcher warm
INFO: autowarming result for Searcher@7857ae58 main
	queryResultCache{lookups=0,hits=0,hitratio=0.00,inserts=0,evictions=0,size=0,warmupTime=0,cumulative_lookups=0,cumulative_hits=0,cumulative_hitratio=0.00,cumulative_inserts=0,cumulative_evictions=0}
Feb 3, 2012 5:09:32 PM org.apache.solr.search.SolrIndexSearcher warm
INFO: autowarming Searcher@7857ae58 main from Searcher@3b5b123b main
	documentCache{lookups=0,hits=0,hitratio=0.00,inserts=0,evictions=0,size=0,warmupTime=0,cumulative_lookups=0,cumulative_hits=0,cumulative_hitratio=0.00,cumulative_inserts=0,cumulative_evictions=0}
Feb 3, 2012 5:09:32 PM org.apache.solr.search.SolrIndexSearcher warm
INFO: autowarming result for Searcher@7857ae58 main
	documentCache{lookups=0,hits=0,hitratio=0.00,inserts=0,evictions=0,size=0,warmupTime=0,cumulative_lookups=0,cumulative_hits=0,cumulative_hitratio=0.00,cumulative_inserts=0,cumulative_evictions=0}
Feb 3, 2012 5:09:32 PM org.apache.solr.core.QuerySenderListener newSearcher
INFO: QuerySenderListener sending requests to Searcher@7857ae58 main
Feb 3, 2012 5:09:32 PM org.apache.solr.core.QuerySenderListener newSearcher
INFO: QuerySenderListener done.
Feb 3, 2012 5:09:32 PM org.apache.solr.core.SolrCore registerSearcher
INFO: [] Registered new searcher Searcher@7857ae58 main
Feb 3, 2012 5:09:32 PM org.apache.solr.search.SolrIndexSearcher close
INFO: Closing Searcher@3b5b123b main
	fieldValueCache{lookups=0,hits=0,hitratio=0.00,inserts=0,evictions=0,size=0,warmupTime=0,cumulative_lookups=0,cumulative_hits=0,cumulative_hitratio=0.00,cumulative_inserts=0,cumulative_evictions=0}
	filterCache{lookups=0,hits=0,hitratio=0.00,inserts=0,evictions=0,size=0,warmupTime=0,cumulative_lookups=0,cumulative_hits=0,cumulative_hitratio=0.00,cumulative_inserts=0,cumulative_evictions=0}
	queryResultCache{lookups=0,hits=0,hitratio=0.00,inserts=0,evictions=0,size=0,warmupTime=0,cumulative_lookups=0,cumulative_hits=0,cumulative_hitratio=0.00,cumulative_inserts=0,cumulative_evictions=0}
	documentCache{lookups=0,hits=0,hitratio=0.00,inserts=0,evictions=0,size=0,warmupTime=0,cumulative_lookups=0,cumulative_hits=0,cumulative_hitratio=0.00,cumulative_inserts=0,cumulative_evictions=0}
Feb 3, 2012 5:09:32 PM org.apache.solr.update.processor.LogUpdateProcessor finish
INFO: {commit=} 0 7
Feb 3, 2012 5:09:32 PM org.apache.solr.core.SolrCore execute
INFO: [] webapp=/solr path=/update params={wt=ruby} status=0 QTime=7 
Feb 3, 2012 5:09:58 PM org.apache.solr.core.SolrDeletionPolicy onInit
INFO: SolrDeletionPolicy.onInit: commits:num=1
	commit{dir=/home/stefan/rorsites/Recipes/solr/data/development/index,segFN=segments_1,version=1328285347360,generation=1,filenames=[segments_1]
Feb 3, 2012 5:09:58 PM org.apache.solr.core.SolrDeletionPolicy updateCommits
INFO: newest commit = 1328285347360
Feb 3, 2012 5:09:58 PM org.apache.solr.update.processor.LogUpdateProcessor finish
INFO: {add=[User 1]} 0 29
Feb 3, 2012 5:09:58 PM org.apache.solr.core.SolrCore execute
INFO: [] webapp=/solr path=/update params={wt=ruby} status=0 QTime=29 
Feb 3, 2012 5:09:58 PM org.apache.solr.update.DirectUpdateHandler2 commit
INFO: start commit(optimize=false,waitFlush=false,waitSearcher=true,expungeDeletes=false)
Feb 3, 2012 5:09:59 PM org.apache.solr.core.SolrDeletionPolicy onCommit
INFO: SolrDeletionPolicy.onCommit: commits:num=2
	commit{dir=/home/stefan/rorsites/Recipes/solr/data/development/index,segFN=segments_1,version=1328285347360,generation=1,filenames=[segments_1]
	commit{dir=/home/stefan/rorsites/Recipes/solr/data/development/index,segFN=segments_2,version=1328285347361,generation=2,filenames=[_0.nrm, _0.tis, _0.fnm, _0.tii, _0.frq, segments_2, _0.fdx, _0.prx, _0.fdt]
Feb 3, 2012 5:09:59 PM org.apache.solr.core.SolrDeletionPolicy updateCommits
INFO: newest commit = 1328285347361
Feb 3, 2012 5:09:59 PM org.apache.solr.search.SolrIndexSearcher <init>
INFO: Opening Searcher@75d709a5 main
Feb 3, 2012 5:09:59 PM org.apache.solr.update.DirectUpdateHandler2 commit
INFO: end_commit_flush
Feb 3, 2012 5:09:59 PM org.apache.solr.search.SolrIndexSearcher warm
INFO: autowarming Searcher@75d709a5 main from Searcher@7857ae58 main
	fieldValueCache{lookups=0,hits=0,hitratio=0.00,inserts=0,evictions=0,size=0,warmupTime=0,cumulative_lookups=0,cumulative_hits=0,cumulative_hitratio=0.00,cumulative_inserts=0,cumulative_evictions=0}
Feb 3, 2012 5:09:59 PM org.apache.solr.search.SolrIndexSearcher warm
INFO: autowarming result for Searcher@75d709a5 main
	fieldValueCache{lookups=0,hits=0,hitratio=0.00,inserts=0,evictions=0,size=0,warmupTime=0,cumulative_lookups=0,cumulative_hits=0,cumulative_hitratio=0.00,cumulative_inserts=0,cumulative_evictions=0}
Feb 3, 2012 5:09:59 PM org.apache.solr.search.SolrIndexSearcher warm
INFO: autowarming Searcher@75d709a5 main from Searcher@7857ae58 main
	filterCache{lookups=0,hits=0,hitratio=0.00,inserts=0,evictions=0,size=0,warmupTime=0,cumulative_lookups=0,cumulative_hits=0,cumulative_hitratio=0.00,cumulative_inserts=0,cumulative_evictions=0}
Feb 3, 2012 5:09:59 PM org.apache.solr.search.SolrIndexSearcher warm
INFO: autowarming result for Searcher@75d709a5 main
	filterCache{lookups=0,hits=0,hitratio=0.00,inserts=0,evictions=0,size=0,warmupTime=0,cumulative_lookups=0,cumulative_hits=0,cumulative_hitratio=0.00,cumulative_inserts=0,cumulative_evictions=0}
Feb 3, 2012 5:09:59 PM org.apache.solr.search.SolrIndexSearcher warm
INFO: autowarming Searcher@75d709a5 main from Searcher@7857ae58 main
	queryResultCache{lookups=0,hits=0,hitratio=0.00,inserts=0,evictions=0,size=0,warmupTime=0,cumulative_lookups=0,cumulative_hits=0,cumulative_hitratio=0.00,cumulative_inserts=0,cumulative_evictions=0}
Feb 3, 2012 5:09:59 PM org.apache.solr.search.SolrIndexSearcher warm
INFO: autowarming result for Searcher@75d709a5 main
	queryResultCache{lookups=0,hits=0,hitratio=0.00,inserts=0,evictions=0,size=0,warmupTime=0,cumulative_lookups=0,cumulative_hits=0,cumulative_hitratio=0.00,cumulative_inserts=0,cumulative_evictions=0}
Feb 3, 2012 5:09:59 PM org.apache.solr.search.SolrIndexSearcher warm
INFO: autowarming Searcher@75d709a5 main from Searcher@7857ae58 main
	documentCache{lookups=0,hits=0,hitratio=0.00,inserts=0,evictions=0,size=0,warmupTime=0,cumulative_lookups=0,cumulative_hits=0,cumulative_hitratio=0.00,cumulative_inserts=0,cumulative_evictions=0}
Feb 3, 2012 5:09:59 PM org.apache.solr.search.SolrIndexSearcher warm
INFO: autowarming result for Searcher@75d709a5 main
	documentCache{lookups=0,hits=0,hitratio=0.00,inserts=0,evictions=0,size=0,warmupTime=0,cumulative_lookups=0,cumulative_hits=0,cumulative_hitratio=0.00,cumulative_inserts=0,cumulative_evictions=0}
Feb 3, 2012 5:09:59 PM org.apache.solr.core.QuerySenderListener newSearcher
INFO: QuerySenderListener sending requests to Searcher@75d709a5 main
Feb 3, 2012 5:09:59 PM org.apache.solr.core.QuerySenderListener newSearcher
INFO: QuerySenderListener done.
Feb 3, 2012 5:09:59 PM org.apache.solr.core.SolrCore registerSearcher
INFO: [] Registered new searcher Searcher@75d709a5 main
Feb 3, 2012 5:09:59 PM org.apache.solr.search.SolrIndexSearcher close
INFO: Closing Searcher@7857ae58 main
	fieldValueCache{lookups=0,hits=0,hitratio=0.00,inserts=0,evictions=0,size=0,warmupTime=0,cumulative_lookups=0,cumulative_hits=0,cumulative_hitratio=0.00,cumulative_inserts=0,cumulative_evictions=0}
	filterCache{lookups=0,hits=0,hitratio=0.00,inserts=0,evictions=0,size=0,warmupTime=0,cumulative_lookups=0,cumulative_hits=0,cumulative_hitratio=0.00,cumulative_inserts=0,cumulative_evictions=0}
	queryResultCache{lookups=0,hits=0,hitratio=0.00,inserts=0,evictions=0,size=0,warmupTime=0,cumulative_lookups=0,cumulative_hits=0,cumulative_hitratio=0.00,cumulative_inserts=0,cumulative_evictions=0}
	documentCache{lookups=0,hits=0,hitratio=0.00,inserts=0,evictions=0,size=0,warmupTime=0,cumulative_lookups=0,cumulative_hits=0,cumulative_hitratio=0.00,cumulative_inserts=0,cumulative_evictions=0}
Feb 3, 2012 5:09:59 PM org.apache.solr.update.processor.LogUpdateProcessor finish
INFO: {commit=} 0 362
Feb 3, 2012 5:09:59 PM org.apache.solr.core.SolrCore execute
INFO: [] webapp=/solr path=/update params={wt=ruby} status=0 QTime=362 
Feb 3, 2012 5:10:06 PM org.apache.solr.core.SolrCore execute
INFO: [] webapp=/solr path=/select params={wt=ruby&start=0&fq=type:Recipe&q=*:*&rows=5} hits=0 status=0 QTime=11 
Feb 3, 2012 5:10:17 PM org.apache.solr.core.SolrDeletionPolicy onInit
INFO: SolrDeletionPolicy.onInit: commits:num=1
	commit{dir=/home/stefan/rorsites/Recipes/solr/data/development/index,segFN=segments_2,version=1328285347361,generation=2,filenames=[_0.nrm, _0.tis, _0.fnm, _0.tii, _0.frq, segments_2, _0.fdx, _0.prx, _0.fdt]
Feb 3, 2012 5:10:17 PM org.apache.solr.core.SolrDeletionPolicy updateCommits
INFO: newest commit = 1328285347361
Feb 3, 2012 5:10:17 PM org.apache.solr.update.processor.LogUpdateProcessor finish
INFO: {add=[Recipe 1]} 0 11
Feb 3, 2012 5:10:17 PM org.apache.solr.core.SolrCore execute
INFO: [] webapp=/solr path=/update params={wt=ruby} status=0 QTime=11 
Feb 3, 2012 5:10:17 PM org.apache.solr.update.DirectUpdateHandler2 commit
INFO: start commit(optimize=false,waitFlush=false,waitSearcher=true,expungeDeletes=false)
Feb 3, 2012 5:10:17 PM org.apache.solr.core.SolrDeletionPolicy onCommit
INFO: SolrDeletionPolicy.onCommit: commits:num=2
	commit{dir=/home/stefan/rorsites/Recipes/solr/data/development/index,segFN=segments_2,version=1328285347361,generation=2,filenames=[_0.nrm, _0.tis, _0.fnm, _0.tii, _0.frq, segments_2, _0.fdx, _0.prx, _0.fdt]
	commit{dir=/home/stefan/rorsites/Recipes/solr/data/development/index,segFN=segments_3,version=1328285347362,generation=3,filenames=[_0.tis, _0.nrm, _0.fnm, _1.tis, _1.frq, _1.fnm, _1.fdx, _1.prx, _0.tii, _1.fdt, _0.frq, _1.tii, _0.fdx, _0.prx, _1.nrm, segments_3, _0.fdt]
Feb 3, 2012 5:10:17 PM org.apache.solr.core.SolrDeletionPolicy updateCommits
INFO: newest commit = 1328285347362
Feb 3, 2012 5:10:17 PM org.apache.solr.search.SolrIndexSearcher <init>
INFO: Opening Searcher@54140fee main
Feb 3, 2012 5:10:17 PM org.apache.solr.update.DirectUpdateHandler2 commit
INFO: end_commit_flush
Feb 3, 2012 5:10:17 PM org.apache.solr.search.SolrIndexSearcher warm
INFO: autowarming Searcher@54140fee main from Searcher@75d709a5 main
	fieldValueCache{lookups=0,hits=0,hitratio=0.00,inserts=0,evictions=0,size=0,warmupTime=0,cumulative_lookups=0,cumulative_hits=0,cumulative_hitratio=0.00,cumulative_inserts=0,cumulative_evictions=0}
Feb 3, 2012 5:10:17 PM org.apache.solr.search.SolrIndexSearcher warm
INFO: autowarming result for Searcher@54140fee main
	fieldValueCache{lookups=0,hits=0,hitratio=0.00,inserts=0,evictions=0,size=0,warmupTime=0,cumulative_lookups=0,cumulative_hits=0,cumulative_hitratio=0.00,cumulative_inserts=0,cumulative_evictions=0}
Feb 3, 2012 5:10:17 PM org.apache.solr.search.SolrIndexSearcher warm
INFO: autowarming Searcher@54140fee main from Searcher@75d709a5 main
	filterCache{lookups=1,hits=0,hitratio=0.00,inserts=1,evictions=0,size=1,warmupTime=0,cumulative_lookups=1,cumulative_hits=0,cumulative_hitratio=0.00,cumulative_inserts=1,cumulative_evictions=0}
Feb 3, 2012 5:10:17 PM org.apache.solr.search.SolrIndexSearcher warm
INFO: autowarming result for Searcher@54140fee main
	filterCache{lookups=0,hits=0,hitratio=0.00,inserts=0,evictions=0,size=0,warmupTime=0,cumulative_lookups=1,cumulative_hits=0,cumulative_hitratio=0.00,cumulative_inserts=1,cumulative_evictions=0}
Feb 3, 2012 5:10:17 PM org.apache.solr.search.SolrIndexSearcher warm
INFO: autowarming Searcher@54140fee main from Searcher@75d709a5 main
	queryResultCache{lookups=1,hits=0,hitratio=0.00,inserts=1,evictions=0,size=1,warmupTime=0,cumulative_lookups=1,cumulative_hits=0,cumulative_hitratio=0.00,cumulative_inserts=1,cumulative_evictions=0}
Feb 3, 2012 5:10:17 PM org.apache.solr.search.SolrIndexSearcher warm
INFO: autowarming result for Searcher@54140fee main
	queryResultCache{lookups=0,hits=0,hitratio=0.00,inserts=0,evictions=0,size=0,warmupTime=0,cumulative_lookups=1,cumulative_hits=0,cumulative_hitratio=0.00,cumulative_inserts=1,cumulative_evictions=0}
Feb 3, 2012 5:10:17 PM org.apache.solr.search.SolrIndexSearcher warm
INFO: autowarming Searcher@54140fee main from Searcher@75d709a5 main
	documentCache{lookups=0,hits=0,hitratio=0.00,inserts=0,evictions=0,size=0,warmupTime=0,cumulative_lookups=0,cumulative_hits=0,cumulative_hitratio=0.00,cumulative_inserts=0,cumulative_evictions=0}
Feb 3, 2012 5:10:17 PM org.apache.solr.search.SolrIndexSearcher warm
INFO: autowarming result for Searcher@54140fee main
	documentCache{lookups=0,hits=0,hitratio=0.00,inserts=0,evictions=0,size=0,warmupTime=0,cumulative_lookups=0,cumulative_hits=0,cumulative_hitratio=0.00,cumulative_inserts=0,cumulative_evictions=0}
Feb 3, 2012 5:10:17 PM org.apache.solr.core.QuerySenderListener newSearcher
INFO: QuerySenderListener sending requests to Searcher@54140fee main
Feb 3, 2012 5:10:17 PM org.apache.solr.core.QuerySenderListener newSearcher
INFO: QuerySenderListener done.
Feb 3, 2012 5:10:17 PM org.apache.solr.core.SolrCore registerSearcher
INFO: [] Registered new searcher Searcher@54140fee main
Feb 3, 2012 5:10:17 PM org.apache.solr.search.SolrIndexSearcher close
INFO: Closing Searcher@75d709a5 main
	fieldValueCache{lookups=0,hits=0,hitratio=0.00,inserts=0,evictions=0,size=0,warmupTime=0,cumulative_lookups=0,cumulative_hits=0,cumulative_hitratio=0.00,cumulative_inserts=0,cumulative_evictions=0}
	filterCache{lookups=1,hits=0,hitratio=0.00,inserts=1,evictions=0,size=1,warmupTime=0,cumulative_lookups=1,cumulative_hits=0,cumulative_hitratio=0.00,cumulative_inserts=1,cumulative_evictions=0}
	queryResultCache{lookups=1,hits=0,hitratio=0.00,inserts=1,evictions=0,size=1,warmupTime=0,cumulative_lookups=1,cumulative_hits=0,cumulative_hitratio=0.00,cumulative_inserts=1,cumulative_evictions=0}
	documentCache{lookups=0,hits=0,hitratio=0.00,inserts=0,evictions=0,size=0,warmupTime=0,cumulative_lookups=0,cumulative_hits=0,cumulative_hitratio=0.00,cumulative_inserts=0,cumulative_evictions=0}
Feb 3, 2012 5:10:17 PM org.apache.solr.update.processor.LogUpdateProcessor finish
INFO: {commit=} 0 341
Feb 3, 2012 5:10:17 PM org.apache.solr.core.SolrCore execute
INFO: [] webapp=/solr path=/update params={wt=ruby} status=0 QTime=341 
Feb 3, 2012 5:10:28 PM org.apache.solr.core.SolrCore execute
INFO: [] webapp=/solr path=/select params={wt=ruby&start=0&fq=type:Recipe&q=*:*&rows=5} hits=1 status=0 QTime=11 
Feb 3, 2012 5:10:32 PM org.apache.solr.core.SolrCore execute
INFO: [] webapp=/solr path=/select params={wt=ruby&start=0&fq=type:User&q=*:*&rows=25} hits=1 status=0 QTime=2 
Feb 3, 2012 5:10:39 PM org.apache.solr.core.SolrCore execute
INFO: [] webapp=/solr path=/select params={wt=ruby&start=0&fq=type:Recipe&q=*:*&rows=5} hits=1 status=0 QTime=1 
